<?xml version="1.0" encoding="UTF-8"?>
<!-- Generated by org.testng.reporters.JUnitReportReporter -->
<testsuite hostname="MSI" failures="0" tests="1" name="ScortikAboutPage.ImageUi" time="6.370" errors="0" timestamp="2022-07-22T10:21:19 IST" skipped="0">
  <testcase classname="ScortikAboutPage.ImageUi" name="ImageUI" time="6.370"/>
  <system-out/>
</testsuite> <!-- ScortikAboutPage.ImageUi -->
