<?xml version="1.0" encoding="UTF-8"?>
<!-- Generated by org.testng.reporters.JUnitReportReporter -->
<testsuite hostname="MSI" failures="0" tests="1" name="ScortikAboutPage.HeadingUi" time="9.414" errors="0" timestamp="2022-07-22T10:21:19 IST" skipped="0">
  <testcase classname="ScortikAboutPage.HeadingUi" name="headingUi" time="9.414"/>
  <system-out/>
</testsuite> <!-- ScortikAboutPage.HeadingUi -->
